GowinSynthesis start
Running parser ...
Analyzing Verilog file 'D:\prg\cal_soc\calsoc\src\addrdecode.v'
Analyzing Verilog file 'D:\prg\cal_soc\calsoc\src\calsoc.sv'
Analyzing Verilog file 'D:\prg\cal_soc\calsoc\src\gpio_defines.v'
Analyzing Verilog file 'D:\prg\cal_soc\calsoc\src\gpio_top.v'
Analyzing included file 'D:\prg\cal_soc\calsoc\src\gpio_defines.v'("D:\prg\cal_soc\calsoc\src\gpio_top.v":114)
Back to file 'D:\prg\cal_soc\calsoc\src\gpio_top.v'("D:\prg\cal_soc\calsoc\src\gpio_top.v":114)
Analyzing Verilog file 'D:\prg\cal_soc\calsoc\src\gpo.v'
Analyzing Verilog file 'D:\prg\cal_soc\calsoc\src\picorv32.v'
Analyzing Verilog file 'D:\prg\cal_soc\calsoc\src\ram_wb_defines.v'
WARN  (EX3705) : Macro 'RAM_WB_MEM_SIZE' is redefined("D:\prg\cal_soc\calsoc\src\ram_wb_defines.v":2)
Analyzing Verilog file 'D:\prg\cal_soc\calsoc\src\rxuart.v'
Analyzing Verilog file 'D:\prg\cal_soc\calsoc\src\rxuartlite.v'
Analyzing Verilog file 'D:\prg\cal_soc\calsoc\src\skidbuffer.v'
Analyzing Verilog file 'D:\prg\cal_soc\calsoc\src\txuart.v'
Analyzing Verilog file 'D:\prg\cal_soc\calsoc\src\txuartlite.v'
Analyzing Verilog file 'D:\prg\cal_soc\calsoc\src\ufifo.v'
Analyzing Verilog file 'D:\prg\cal_soc\calsoc\src\wb_ram_sc_sw.v'
Analyzing Verilog file 'D:\prg\cal_soc\calsoc\src\wbuart.v'
Analyzing Verilog file 'D:\prg\cal_soc\calsoc\src\wbxbar.v'
Analyzing Verilog file 'D:\prg\cal_soc\calsoc\src\wb_rom.v'
Analyzing Verilog file 'D:\prg\cal_soc\calsoc\src\wb_ram.v'
Analyzing Verilog file 'D:\Gowin\Gowin_V1.9.8\IDE\data\ipcores\GAO\GW_AO_0\gw_ao_crc32.v'
Analyzing Verilog file 'D:\Gowin\Gowin_V1.9.8\IDE\data\ipcores\GAO\GW_AO_0\gw_ao_match.v'
Analyzing included file 'D:\Gowin\Gowin_V1.9.8\IDE\data\ipcores\GAO\GW_AO_0\gw_ao_define.v'("D:\Gowin\Gowin_V1.9.8\IDE\data\ipcores\GAO\GW_AO_0\gw_ao_match.v":336)
Back to file 'D:\Gowin\Gowin_V1.9.8\IDE\data\ipcores\GAO\GW_AO_0\gw_ao_match.v'("D:\Gowin\Gowin_V1.9.8\IDE\data\ipcores\GAO\GW_AO_0\gw_ao_match.v":336)
Analyzing Verilog file 'D:\Gowin\Gowin_V1.9.8\IDE\data\ipcores\GAO\GW_AO_0\gw_ao_mem_ctrl.v'
Analyzing Verilog file 'D:\Gowin\Gowin_V1.9.8\IDE\data\ipcores\GAO\GW_AO_0\gw_ao_top.v'
Analyzing included file 'D:\Gowin\Gowin_V1.9.8\IDE\data\ipcores\GAO\GW_AO_0\gw_ao_define.v'("D:\Gowin\Gowin_V1.9.8\IDE\data\ipcores\GAO\GW_AO_0\gw_ao_top.v":2739)
Back to file 'D:\Gowin\Gowin_V1.9.8\IDE\data\ipcores\GAO\GW_AO_0\gw_ao_top.v'("D:\Gowin\Gowin_V1.9.8\IDE\data\ipcores\GAO\GW_AO_0\gw_ao_top.v":2739)
Analyzing included file 'D:\prg\cal_soc\calsoc\impl\gwsynthesis\RTL_GAO\ao_0\gw_ao_top_define.v'("D:\Gowin\Gowin_V1.9.8\IDE\data\ipcores\GAO\GW_AO_0\gw_ao_top.v":2739)
Back to file 'D:\Gowin\Gowin_V1.9.8\IDE\data\ipcores\GAO\GW_AO_0\gw_ao_top.v'("D:\Gowin\Gowin_V1.9.8\IDE\data\ipcores\GAO\GW_AO_0\gw_ao_top.v":2739)
Analyzing included file 'D:\prg\cal_soc\calsoc\impl\gwsynthesis\RTL_GAO\ao_0\gw_ao_expression.v'("D:\Gowin\Gowin_V1.9.8\IDE\data\ipcores\GAO\GW_AO_0\gw_ao_top.v":2739)
Back to file 'D:\Gowin\Gowin_V1.9.8\IDE\data\ipcores\GAO\GW_AO_0\gw_ao_top.v'("D:\Gowin\Gowin_V1.9.8\IDE\data\ipcores\GAO\GW_AO_0\gw_ao_top.v":2739)
Analyzing included file 'D:\prg\cal_soc\calsoc\impl\gwsynthesis\RTL_GAO\ao_0\gw_ao_parameter.v'("D:\Gowin\Gowin_V1.9.8\IDE\data\ipcores\GAO\GW_AO_0\gw_ao_top.v":2739)
Back to file 'D:\Gowin\Gowin_V1.9.8\IDE\data\ipcores\GAO\GW_AO_0\gw_ao_top.v'("D:\Gowin\Gowin_V1.9.8\IDE\data\ipcores\GAO\GW_AO_0\gw_ao_top.v":2739)
Analyzing Verilog file 'D:\Gowin\Gowin_V1.9.8\IDE\data\ipcores\GAO\GW_CON\gw_con_top.v'
Analyzing included file 'D:\prg\cal_soc\calsoc\impl\gwsynthesis\RTL_GAO\ao_control\gw_con_top_define.v'("D:\Gowin\Gowin_V1.9.8\IDE\data\ipcores\GAO\GW_CON\gw_con_top.v":387)
Back to file 'D:\Gowin\Gowin_V1.9.8\IDE\data\ipcores\GAO\GW_CON\gw_con_top.v'("D:\Gowin\Gowin_V1.9.8\IDE\data\ipcores\GAO\GW_CON\gw_con_top.v":387)
Analyzing included file 'D:\prg\cal_soc\calsoc\impl\gwsynthesis\RTL_GAO\ao_control\gw_con_parameter.v'("D:\Gowin\Gowin_V1.9.8\IDE\data\ipcores\GAO\GW_CON\gw_con_top.v":387)
Back to file 'D:\Gowin\Gowin_V1.9.8\IDE\data\ipcores\GAO\GW_CON\gw_con_top.v'("D:\Gowin\Gowin_V1.9.8\IDE\data\ipcores\GAO\GW_CON\gw_con_top.v":387)
Analyzing Verilog file 'D:\Gowin\Gowin_V1.9.8\IDE\data\ipcores\gw_jtag.v'
Analyzing Verilog file 'D:\prg\cal_soc\calsoc\impl\gwsynthesis\RTL_GAO\gw_gao_top.v'
WARN  (EX3073) : Port 'o_merr' remains unconnected for this instance("D:\prg\cal_soc\calsoc\src\calsoc.sv":76)
WARN  (EX3073) : Port 'wb_err_o' remains unconnected for this instance("D:\prg\cal_soc\calsoc\src\calsoc.sv":91)
WARN  (EX3073) : Port 'wb_stall_o' remains unconnected for this instance("D:\prg\cal_soc\calsoc\src\calsoc.sv":106)
WARN  (EX3073) : Port 'i_cts_n' remains unconnected for this instance("D:\prg\cal_soc\calsoc\src\calsoc.sv":123)
WARN  (EX3073) : Port 'wb_stall_o' remains unconnected for this instance("D:\prg\cal_soc\calsoc\src\calsoc.sv":139)
WARN  (EX3073) : Port 'mem_la_read' remains unconnected for this instance("D:\prg\cal_soc\calsoc\src\picorv32.v":2718)
WARN  (EX3073) : Port 'mem_la_read' remains unconnected for this instance("D:\prg\cal_soc\calsoc\src\picorv32.v":2982)
Compiling module 'addrdecode'("D:\prg\cal_soc\calsoc\src\addrdecode.v":36)
Compiling module 'calsoc'("D:\prg\cal_soc\calsoc\src\calsoc.sv":16)
Compiling module 'wbxbar(NM=1,NS=4,SLAVE_ADDR=128'b00000001000000000000000000000000000000000000000000000000000000000000001000000000000000000000000000000011000000000000000000000000,SLAVE_MASK=128'b11111111000000000000000000000000111111110000000000000000000000001111111111111111111111111100000011111111111111111111111111110000)'("D:\prg\cal_soc\calsoc\src\wbxbar.v":77)
Compiling module 'skidbuffer(OPT_OUTREG=0,DW=69)'("D:\prg\cal_soc\calsoc\src\skidbuffer.v":85)
Compiling module 'addrdecode(NS=4,DW=37,SLAVE_ADDR=128'b00000001000000000000000000000000000000000000000000000000000000000000001000000000000000000000000000000011000000000000000000000000,SLAVE_MASK=128'b11111111000000000000000000000000111111110000000000000000000000001111111111111111111111111100000011111111111111111111111111110000,OPT_REGISTERED=1'b1)'("D:\prg\cal_soc\calsoc\src\addrdecode.v":36)
WARN  (EX3779) : 'r_mindex' should be on the sensitivity list("D:\prg\cal_soc\calsoc\src\wbxbar.v":572)
Compiling module 'gpio_top'("D:\prg\cal_soc\calsoc\src\gpio_top.v":116)
WARN  (EX2629) : Delay control is not supported for synthesis("D:\prg\cal_soc\calsoc\src\gpio_top.v":333)
WARN  (EX2629) : Delay control is not supported for synthesis("D:\prg\cal_soc\calsoc\src\gpio_top.v":335)
WARN  (EX2629) : Delay control is not supported for synthesis("D:\prg\cal_soc\calsoc\src\gpio_top.v":363)
WARN  (EX2629) : Delay control is not supported for synthesis("D:\prg\cal_soc\calsoc\src\gpio_top.v":365)
WARN  (EX2629) : Delay control is not supported for synthesis("D:\prg\cal_soc\calsoc\src\gpio_top.v":418)
WARN  (EX2629) : Delay control is not supported for synthesis("D:\prg\cal_soc\calsoc\src\gpio_top.v":420)
WARN  (EX2629) : Delay control is not supported for synthesis("D:\prg\cal_soc\calsoc\src\gpio_top.v":422)
WARN  (EX2629) : Delay control is not supported for synthesis("D:\prg\cal_soc\calsoc\src\gpio_top.v":433)
WARN  (EX2629) : Delay control is not supported for synthesis("D:\prg\cal_soc\calsoc\src\gpio_top.v":442)
WARN  (EX2629) : Delay control is not supported for synthesis("D:\prg\cal_soc\calsoc\src\gpio_top.v":444)
WARN  (EX2629) : Delay control is not supported for synthesis("D:\prg\cal_soc\calsoc\src\gpio_top.v":446)
WARN  (EX2629) : Delay control is not supported for synthesis("D:\prg\cal_soc\calsoc\src\gpio_top.v":448)
WARN  (EX2629) : Delay control is not supported for synthesis("D:\prg\cal_soc\calsoc\src\gpio_top.v":480)
WARN  (EX2629) : Delay control is not supported for synthesis("D:\prg\cal_soc\calsoc\src\gpio_top.v":489)
WARN  (EX2629) : Delay control is not supported for synthesis("D:\prg\cal_soc\calsoc\src\gpio_top.v":491)
WARN  (EX2629) : Delay control is not supported for synthesis("D:\prg\cal_soc\calsoc\src\gpio_top.v":493)
WARN  (EX2629) : Delay control is not supported for synthesis("D:\prg\cal_soc\calsoc\src\gpio_top.v":495)
WARN  (EX2629) : Delay control is not supported for synthesis("D:\prg\cal_soc\calsoc\src\gpio_top.v":527)
WARN  (EX2629) : Delay control is not supported for synthesis("D:\prg\cal_soc\calsoc\src\gpio_top.v":536)
WARN  (EX2629) : Delay control is not supported for synthesis("D:\prg\cal_soc\calsoc\src\gpio_top.v":538)
WARN  (EX2629) : Delay control is not supported for synthesis("D:\prg\cal_soc\calsoc\src\gpio_top.v":540)
WARN  (EX2629) : Delay control is not supported for synthesis("D:\prg\cal_soc\calsoc\src\gpio_top.v":542)
WARN  (EX2629) : Delay control is not supported for synthesis("D:\prg\cal_soc\calsoc\src\gpio_top.v":575)
WARN  (EX2629) : Delay control is not supported for synthesis("D:\prg\cal_soc\calsoc\src\gpio_top.v":584)
WARN  (EX2629) : Delay control is not supported for synthesis("D:\prg\cal_soc\calsoc\src\gpio_top.v":586)
WARN  (EX2629) : Delay control is not supported for synthesis("D:\prg\cal_soc\calsoc\src\gpio_top.v":588)
WARN  (EX2629) : Delay control is not supported for synthesis("D:\prg\cal_soc\calsoc\src\gpio_top.v":590)
WARN  (EX2629) : Delay control is not supported for synthesis("D:\prg\cal_soc\calsoc\src\gpio_top.v":670)
WARN  (EX2629) : Delay control is not supported for synthesis("D:\prg\cal_soc\calsoc\src\gpio_top.v":679)
WARN  (EX2629) : Delay control is not supported for synthesis("D:\prg\cal_soc\calsoc\src\gpio_top.v":681)
WARN  (EX2629) : Delay control is not supported for synthesis("D:\prg\cal_soc\calsoc\src\gpio_top.v":683)
WARN  (EX2629) : Delay control is not supported for synthesis("D:\prg\cal_soc\calsoc\src\gpio_top.v":685)
WARN  (EX2629) : Delay control is not supported for synthesis("D:\prg\cal_soc\calsoc\src\gpio_top.v":720)
WARN  (EX2629) : Delay control is not supported for synthesis("D:\prg\cal_soc\calsoc\src\gpio_top.v":729)
WARN  (EX2629) : Delay control is not supported for synthesis("D:\prg\cal_soc\calsoc\src\gpio_top.v":731)
WARN  (EX2629) : Delay control is not supported for synthesis("D:\prg\cal_soc\calsoc\src\gpio_top.v":733)
WARN  (EX2629) : Delay control is not supported for synthesis("D:\prg\cal_soc\calsoc\src\gpio_top.v":735)
WARN  (EX2629) : Delay control is not supported for synthesis("D:\prg\cal_soc\calsoc\src\gpio_top.v":768)
WARN  (EX2629) : Delay control is not supported for synthesis("D:\prg\cal_soc\calsoc\src\gpio_top.v":769)
WARN  (EX2629) : Delay control is not supported for synthesis("D:\prg\cal_soc\calsoc\src\gpio_top.v":771)
WARN  (EX2629) : Delay control is not supported for synthesis("D:\prg\cal_soc\calsoc\src\gpio_top.v":772)
WARN  (EX2629) : Delay control is not supported for synthesis("D:\prg\cal_soc\calsoc\src\gpio_top.v":784)
WARN  (EX2629) : Delay control is not supported for synthesis("D:\prg\cal_soc\calsoc\src\gpio_top.v":786)
WARN  (EX2629) : Delay control is not supported for synthesis("D:\prg\cal_soc\calsoc\src\gpio_top.v":819)
WARN  (EX2629) : Delay control is not supported for synthesis("D:\prg\cal_soc\calsoc\src\gpio_top.v":820)
WARN  (EX2629) : Delay control is not supported for synthesis("D:\prg\cal_soc\calsoc\src\gpio_top.v":821)
WARN  (EX2629) : Delay control is not supported for synthesis("D:\prg\cal_soc\calsoc\src\gpio_top.v":823)
WARN  (EX2629) : Delay control is not supported for synthesis("D:\prg\cal_soc\calsoc\src\gpio_top.v":824)
WARN  (EX2629) : Delay control is not supported for synthesis("D:\prg\cal_soc\calsoc\src\gpio_top.v":825)
WARN  (EX2629) : Delay control is not supported for synthesis("D:\prg\cal_soc\calsoc\src\gpio_top.v":830)
WARN  (EX2629) : Delay control is not supported for synthesis("D:\prg\cal_soc\calsoc\src\gpio_top.v":832)
WARN  (EX2629) : Delay control is not supported for synthesis("D:\prg\cal_soc\calsoc\src\gpio_top.v":1048)
WARN  (EX2629) : Delay control is not supported for synthesis("D:\prg\cal_soc\calsoc\src\gpio_top.v":1050)
WARN  (EX2629) : Delay control is not supported for synthesis("D:\prg\cal_soc\calsoc\src\gpio_top.v":1061)
WARN  (EX2629) : Delay control is not supported for synthesis("D:\prg\cal_soc\calsoc\src\gpio_top.v":1063)
WARN  (EX2629) : Delay control is not supported for synthesis("D:\prg\cal_soc\calsoc\src\gpio_top.v":1065)
WARN  (EX2629) : Delay control is not supported for synthesis("D:\prg\cal_soc\calsoc\src\gpio_top.v":1081)
WARN  (EX2629) : Delay control is not supported for synthesis("D:\prg\cal_soc\calsoc\src\gpio_top.v":1083)
WARN  (EX2629) : Delay control is not supported for synthesis("D:\prg\cal_soc\calsoc\src\gpio_top.v":1108)
WARN  (EX2629) : Delay control is not supported for synthesis("D:\prg\cal_soc\calsoc\src\gpio_top.v":1110)
WARN  (EX3670) : Actual bit length 6 differs from formal bit length 8 for port 'wb_adr_i'("D:\prg\cal_soc\calsoc\src\calsoc.sv":83)
WARN  (EX3670) : Actual bit length 32 differs from formal bit length 31 for port 'ext_pad_o'("D:\prg\cal_soc\calsoc\src\calsoc.sv":90)
Compiling module 'wb_ram(WORD_COUNT='h100)'("D:\prg\cal_soc\calsoc\src\wb_ram.v":4)
Compiling module 'ram(adr_width=8,mem_size=32'b00000000000000000000000100000000)'("D:\prg\cal_soc\calsoc\src\wb_ram_sc_sw.v":1)
Extracting RAM for identifier 'ram'("D:\prg\cal_soc\calsoc\src\wb_ram_sc_sw.v":13)
WARN  (EX3670) : Actual bit length 32 differs from formal bit length 8 for port 'adr_i'("D:\prg\cal_soc\calsoc\src\wb_ram.v":40)
Compiling module 'wbuart(LGFLEN='ha)'("D:\prg\cal_soc\calsoc\src\wbuart.v":49)
Compiling module 'rxuart(INITIAL_SETUP=31'b0000000000000000000000000011001)'("D:\prg\cal_soc\calsoc\src\rxuart.v":120)
WARN  (EX3791) : Expression size 29 truncated to fit in target size 28("D:\prg\cal_soc\calsoc\src\rxuart.v":186)
WARN  (EX3791) : Expression size 5 truncated to fit in target size 4("D:\prg\cal_soc\calsoc\src\rxuart.v":298)
Compiling module 'ufifo(LGFLEN=4'b1010,RXFIFO=1)'("D:\prg\cal_soc\calsoc\src\ufifo.v":47)
Extracting RAM for identifier 'fifo'("D:\prg\cal_soc\calsoc\src\ufifo.v":62)
Compiling module 'ufifo(LGFLEN=4'b1010,RXFIFO=0)'("D:\prg\cal_soc\calsoc\src\ufifo.v":47)
Extracting RAM for identifier 'fifo'("D:\prg\cal_soc\calsoc\src\ufifo.v":62)
Compiling module 'txuart(INITIAL_SETUP=31'b0000000000000000000000000011001)'("D:\prg\cal_soc\calsoc\src\txuart.v":99)
WARN  (EX3791) : Expression size 5 truncated to fit in target size 4("D:\prg\cal_soc\calsoc\src\txuart.v":220)
WARN  (EX3670) : Actual bit length 4 differs from formal bit length 2 for port 'i_wb_addr'("D:\prg\cal_soc\calsoc\src\calsoc.sv":114)
Compiling module 'wb_rom(mem_init_file="..\..\firmware\bootloader\bootloader.hex",word_count='h200)'("D:\prg\cal_soc\calsoc\src\wb_rom.v":3)
Extracting RAM for identifier 'rom'("D:\prg\cal_soc\calsoc\src\wb_rom.v":22)
Compiling module 'picorv32_wb(ENABLE_MUL=1,ENABLE_DIV=1,PROGADDR_RESET='h01000000,STACKADDR=32'b00000000000000000000010000000000)'("D:\prg\cal_soc\calsoc\src\picorv32.v":2810)
Compiling module 'picorv32(ENABLE_COUNTERS=1'b1,ENABLE_COUNTERS64=1'b1,ENABLE_REGS_16_31=1'b1,ENABLE_REGS_DUALPORT=1'b1,TWO_STAGE_SHIFT=1'b1,BARREL_SHIFTER=1'b0,TWO_CYCLE_COMPARE=1'b0,TWO_CYCLE_ALU=1'b0,COMPRESSED_ISA=1'b0,CATCH_MISALIGN=1'b1,CATCH_ILLINSN=1'b1,ENABLE_PCPI=1'b0,ENABLE_MUL=1'b1,ENABLE_FAST_MUL=1'b0,ENABLE_DIV=1'b1,ENABLE_IRQ=1'b0,ENABLE_IRQ_QREGS=1'b1,ENABLE_IRQ_TIMER=1'b1,ENABLE_TRACE=1'b0,REGS_INIT_ZERO=1'b0,MASKED_IRQ=32'b00000000000000000000000000000000,LATCHED_IRQ=32'b11111111111111111111111111111111,PROGADDR_RESET=32'b00000001000000000000000000000000,PROGADDR_IRQ=32'b00000000000000000000000000010000,STACKADDR=32'b00000000000000000000010000000000)'("D:\prg\cal_soc\calsoc\src\picorv32.v":62)
Extracting RAM for identifier 'cpuregs'("D:\prg\cal_soc\calsoc\src\picorv32.v":203)
Compiling module 'picorv32_pcpi_mul'("D:\prg\cal_soc\calsoc\src\picorv32.v":2192)
WARN  (EX3791) : Expression size 32 truncated to fit in target size 7("D:\prg\cal_soc\calsoc\src\picorv32.v":2294)
WARN  (EX3791) : Expression size 64 truncated to fit in target size 32("D:\prg\cal_soc\calsoc\src\picorv32.v":2308)
Compiling module 'picorv32_pcpi_div'("D:\prg\cal_soc\calsoc\src\picorv32.v":2415)
WARN  (EX3791) : Expression size 63 truncated to fit in target size 32("D:\prg\cal_soc\calsoc\src\picorv32.v":2494)
WARN  (EX3826) : Synthesis - simulation differences may occur when using parallel_case directive("D:\prg\cal_soc\calsoc\src\picorv32.v":332)
WARN  (EX3827) : Synthesis - simulation differences may occur when using full_case directive("D:\prg\cal_soc\calsoc\src\picorv32.v":403)
WARN  (EX3826) : Synthesis - simulation differences may occur when using parallel_case directive("D:\prg\cal_soc\calsoc\src\picorv32.v":1117)
WARN  (EX3791) : Expression size 33 truncated to fit in target size 32("D:\prg\cal_soc\calsoc\src\picorv32.v":1240)
WARN  (EX3791) : Expression size 32 truncated to fit in target size 1("D:\prg\cal_soc\calsoc\src\picorv32.v":1245)
WARN  (EX3827) : Synthesis - simulation differences may occur when using full_case directive("D:\prg\cal_soc\calsoc\src\picorv32.v":1247)
WARN  (EX3826) : Synthesis - simulation differences may occur when using parallel_case directive("D:\prg\cal_soc\calsoc\src\picorv32.v":1247)
WARN  (EX3827) : Synthesis - simulation differences may occur when using full_case directive("D:\prg\cal_soc\calsoc\src\picorv32.v":1264)
WARN  (EX3826) : Synthesis - simulation differences may occur when using parallel_case directive("D:\prg\cal_soc\calsoc\src\picorv32.v":1264)
WARN  (EX3826) : Synthesis - simulation differences may occur when using parallel_case directive("D:\prg\cal_soc\calsoc\src\picorv32.v":1310)
WARN  (EX3791) : Expression size 32 truncated to fit in target size 5("D:\prg\cal_soc\calsoc\src\picorv32.v":1344)
WARN  (EX3791) : Expression size 32 truncated to fit in target size 5("D:\prg\cal_soc\calsoc\src\picorv32.v":1399)
WARN  (EX3791) : Expression size 32 truncated to fit in target size 4("D:\prg\cal_soc\calsoc\src\picorv32.v":1421)
WARN  (EX3826) : Synthesis - simulation differences may occur when using parallel_case directive("D:\prg\cal_soc\calsoc\src\picorv32.v":1493)
WARN  (EX3791) : Expression size 32 truncated to fit in target size 5("D:\prg\cal_soc\calsoc\src\picorv32.v":1589)
WARN  (EX3827) : Synthesis - simulation differences may occur when using full_case directive("D:\prg\cal_soc\calsoc\src\picorv32.v":1623)
WARN  (EX3826) : Synthesis - simulation differences may occur when using parallel_case directive("D:\prg\cal_soc\calsoc\src\picorv32.v":1623)
WARN  (EX3826) : Synthesis - simulation differences may occur when using parallel_case directive("D:\prg\cal_soc\calsoc\src\picorv32.v":1579)
WARN  (EX3791) : Expression size 32 truncated to fit in target size 5("D:\prg\cal_soc\calsoc\src\picorv32.v":1726)
WARN  (EX3826) : Synthesis - simulation differences may occur when using parallel_case directive("D:\prg\cal_soc\calsoc\src\picorv32.v":1731)
WARN  (EX3791) : Expression size 32 truncated to fit in target size 5("D:\prg\cal_soc\calsoc\src\picorv32.v":1756)
WARN  (EX3826) : Synthesis - simulation differences may occur when using parallel_case directive("D:\prg\cal_soc\calsoc\src\picorv32.v":1762)
WARN  (EX3827) : Synthesis - simulation differences may occur when using full_case directive("D:\prg\cal_soc\calsoc\src\picorv32.v":1832)
WARN  (EX3826) : Synthesis - simulation differences may occur when using parallel_case directive("D:\prg\cal_soc\calsoc\src\picorv32.v":1832)
WARN  (EX3791) : Expression size 32 truncated to fit in target size 5("D:\prg\cal_soc\calsoc\src\picorv32.v":1837)
WARN  (EX3827) : Synthesis - simulation differences may occur when using full_case directive("D:\prg\cal_soc\calsoc\src\picorv32.v":1840)
WARN  (EX3826) : Synthesis - simulation differences may occur when using parallel_case directive("D:\prg\cal_soc\calsoc\src\picorv32.v":1840)
WARN  (EX3791) : Expression size 32 truncated to fit in target size 5("D:\prg\cal_soc\calsoc\src\picorv32.v":1845)
WARN  (EX3827) : Synthesis - simulation differences may occur when using full_case directive("D:\prg\cal_soc\calsoc\src\picorv32.v":1855)
WARN  (EX3826) : Synthesis - simulation differences may occur when using parallel_case directive("D:\prg\cal_soc\calsoc\src\picorv32.v":1855)
WARN  (EX3827) : Synthesis - simulation differences may occur when using full_case directive("D:\prg\cal_soc\calsoc\src\picorv32.v":1880)
WARN  (EX3826) : Synthesis - simulation differences may occur when using parallel_case directive("D:\prg\cal_soc\calsoc\src\picorv32.v":1880)
WARN  (EX3827) : Synthesis - simulation differences may occur when using full_case directive("D:\prg\cal_soc\calsoc\src\picorv32.v":1897)
WARN  (EX3826) : Synthesis - simulation differences may occur when using parallel_case directive("D:\prg\cal_soc\calsoc\src\picorv32.v":1897)
WARN  (EX1998) : Net 'ram_wb_err_o' does not have a driver("D:\prg\cal_soc\calsoc\src\calsoc.sv":39)
WARN  (EX1998) : Net 'gpioa_wb_err_o' does not have a driver("D:\prg\cal_soc\calsoc\src\calsoc.sv":41)
WARN  (EX1998) : Net 'uart1_wb_err_o' does not have a driver("D:\prg\cal_soc\calsoc\src\calsoc.sv":43)
WARN  (EX1998) : Net 'bootrom_wb_err_o' does not have a driver("D:\prg\cal_soc\calsoc\src\calsoc.sv":45)
WARN  (EX1998) : Net 'pcpi_wr' does not have a driver("D:\prg\cal_soc\calsoc\src\calsoc.sv":146)
WARN  (EX1998) : Net 'pcpi_rd[31]' does not have a driver("D:\prg\cal_soc\calsoc\src\calsoc.sv":147)
WARN  (EX1998) : Net 'pcpi_wait' does not have a driver("D:\prg\cal_soc\calsoc\src\calsoc.sv":148)
WARN  (EX1998) : Net 'pcpi_ready' does not have a driver("D:\prg\cal_soc\calsoc\src\calsoc.sv":149)
WARN  (EX1998) : Net 'irq[31]' does not have a driver("D:\prg\cal_soc\calsoc\src\calsoc.sv":150)
WARN  (EX1947) : Input port 'ext_pad_i[30]' remains unconnected for this instance("D:\prg\cal_soc\calsoc\src\calsoc.sv":91)
WARN  (EX1947) : Input port 'ext_pad_i[29]' remains unconnected for this instance("D:\prg\cal_soc\calsoc\src\calsoc.sv":91)
WARN  (EX1947) : Input port 'ext_pad_i[28]' remains unconnected for this instance("D:\prg\cal_soc\calsoc\src\calsoc.sv":91)
WARN  (EX1947) : Input port 'ext_pad_i[27]' remains unconnected for this instance("D:\prg\cal_soc\calsoc\src\calsoc.sv":91)
WARN  (EX1947) : Input port 'ext_pad_i[26]' remains unconnected for this instance("D:\prg\cal_soc\calsoc\src\calsoc.sv":91)
WARN  (EX1947) : Input port 'ext_pad_i[25]' remains unconnected for this instance("D:\prg\cal_soc\calsoc\src\calsoc.sv":91)
WARN  (EX1947) : Input port 'ext_pad_i[24]' remains unconnected for this instance("D:\prg\cal_soc\calsoc\src\calsoc.sv":91)
WARN  (EX1947) : Input port 'ext_pad_i[23]' remains unconnected for this instance("D:\prg\cal_soc\calsoc\src\calsoc.sv":91)
WARN  (EX1947) : Input port 'ext_pad_i[22]' remains unconnected for this instance("D:\prg\cal_soc\calsoc\src\calsoc.sv":91)
WARN  (EX1947) : Input port 'ext_pad_i[21]' remains unconnected for this instance("D:\prg\cal_soc\calsoc\src\calsoc.sv":91)
WARN  (EX1947) : Input port 'ext_pad_i[20]' remains unconnected for this instance("D:\prg\cal_soc\calsoc\src\calsoc.sv":91)
WARN  (EX1947) : Input port 'ext_pad_i[19]' remains unconnected for this instance("D:\prg\cal_soc\calsoc\src\calsoc.sv":91)
WARN  (EX1947) : Input port 'ext_pad_i[18]' remains unconnected for this instance("D:\prg\cal_soc\calsoc\src\calsoc.sv":91)
WARN  (EX1947) : Input port 'ext_pad_i[17]' remains unconnected for this instance("D:\prg\cal_soc\calsoc\src\calsoc.sv":91)
WARN  (EX1947) : Input port 'ext_pad_i[16]' remains unconnected for this instance("D:\prg\cal_soc\calsoc\src\calsoc.sv":91)
WARN  (EX1947) : Input port 'ext_pad_i[15]' remains unconnected for this instance("D:\prg\cal_soc\calsoc\src\calsoc.sv":91)
WARN  (EX1947) : Input port 'ext_pad_i[14]' remains unconnected for this instance("D:\prg\cal_soc\calsoc\src\calsoc.sv":91)
WARN  (EX1947) : Input port 'ext_pad_i[13]' remains unconnected for this instance("D:\prg\cal_soc\calsoc\src\calsoc.sv":91)
WARN  (EX1947) : Input port 'ext_pad_i[12]' remains unconnected for this instance("D:\prg\cal_soc\calsoc\src\calsoc.sv":91)
WARN  (EX1947) : Input port 'ext_pad_i[11]' remains unconnected for this instance("D:\prg\cal_soc\calsoc\src\calsoc.sv":91)
WARN  (EX1947) : Input port 'ext_pad_i[10]' remains unconnected for this instance("D:\prg\cal_soc\calsoc\src\calsoc.sv":91)
WARN  (EX1947) : Input port 'ext_pad_i[9]' remains unconnected for this instance("D:\prg\cal_soc\calsoc\src\calsoc.sv":91)
WARN  (EX1947) : Input port 'ext_pad_i[8]' remains unconnected for this instance("D:\prg\cal_soc\calsoc\src\calsoc.sv":91)
WARN  (EX1947) : Input port 'ext_pad_i[7]' remains unconnected for this instance("D:\prg\cal_soc\calsoc\src\calsoc.sv":91)
WARN  (EX1947) : Input port 'ext_pad_i[6]' remains unconnected for this instance("D:\prg\cal_soc\calsoc\src\calsoc.sv":91)
WARN  (EX1947) : Input port 'ext_pad_i[5]' remains unconnected for this instance("D:\prg\cal_soc\calsoc\src\calsoc.sv":91)
WARN  (EX1947) : Input port 'ext_pad_i[4]' remains unconnected for this instance("D:\prg\cal_soc\calsoc\src\calsoc.sv":91)
WARN  (EX1947) : Input port 'ext_pad_i[3]' remains unconnected for this instance("D:\prg\cal_soc\calsoc\src\calsoc.sv":91)
WARN  (EX1947) : Input port 'ext_pad_i[2]' remains unconnected for this instance("D:\prg\cal_soc\calsoc\src\calsoc.sv":91)
WARN  (EX1947) : Input port 'ext_pad_i[1]' remains unconnected for this instance("D:\prg\cal_soc\calsoc\src\calsoc.sv":91)
WARN  (EX1947) : Input port 'ext_pad_i[0]' remains unconnected for this instance("D:\prg\cal_soc\calsoc\src\calsoc.sv":91)
WARN  (EX1947) : Input port 'clk_pad_i' remains unconnected for this instance("D:\prg\cal_soc\calsoc\src\calsoc.sv":91)
WARN  (EX1947) : Input port 'wb_cti_i' remains unconnected for this instance("D:\prg\cal_soc\calsoc\src\calsoc.sv":106)
WARN  (EX1947) : Input port 'i_cts_n' remains unconnected for this instance("D:\prg\cal_soc\calsoc\src\calsoc.sv":123)
Compiling module 'gpo'("D:\prg\cal_soc\calsoc\src\gpo.v":2)
Compiling module 'picorv32_regs'("D:\prg\cal_soc\calsoc\src\picorv32.v":2169)
Extracting RAM for identifier 'regs'("D:\prg\cal_soc\calsoc\src\picorv32.v":2178)
Compiling module 'picorv32_pcpi_fast_mul'("D:\prg\cal_soc\calsoc\src\picorv32.v":2313)
WARN  (EX3791) : Expression size 4 truncated to fit in target size 3("D:\prg\cal_soc\calsoc\src\picorv32.v":2389)
WARN  (EX3791) : Expression size 64 truncated to fit in target size 32("D:\prg\cal_soc\calsoc\src\picorv32.v":2406)
Compiling module 'picorv32_axi'("D:\prg\cal_soc\calsoc\src\picorv32.v":2512)
Compiling module 'picorv32_axi_adapter'("D:\prg\cal_soc\calsoc\src\picorv32.v":2726)
Compiling module 'picorv32(ENABLE_COUNTERS=1'b1,ENABLE_COUNTERS64=1'b1,ENABLE_REGS_16_31=1'b1,ENABLE_REGS_DUALPORT=1'b1,TWO_STAGE_SHIFT=1'b1,BARREL_SHIFTER=1'b0,TWO_CYCLE_COMPARE=1'b0,TWO_CYCLE_ALU=1'b0,COMPRESSED_ISA=1'b0,CATCH_MISALIGN=1'b1,CATCH_ILLINSN=1'b1,ENABLE_PCPI=1'b0,ENABLE_MUL=1'b0,ENABLE_FAST_MUL=1'b0,ENABLE_DIV=1'b0,ENABLE_IRQ=1'b0,ENABLE_IRQ_QREGS=1'b1,ENABLE_IRQ_TIMER=1'b1,ENABLE_TRACE=1'b0,REGS_INIT_ZERO=1'b0,MASKED_IRQ=32'b00000000000000000000000000000000,LATCHED_IRQ=32'b11111111111111111111111111111111,PROGADDR_RESET=32'b00000000000000000000000000000000,PROGADDR_IRQ=32'b00000000000000000000000000010000,STACKADDR=32'b11111111111111111111111111111111)'("D:\prg\cal_soc\calsoc\src\picorv32.v":62)
Extracting RAM for identifier 'cpuregs'("D:\prg\cal_soc\calsoc\src\picorv32.v":203)
WARN  (EX3827) : Synthesis - simulation differences may occur when using full_case directive("D:\prg\cal_soc\calsoc\src\picorv32.v":403)
WARN  (EX3826) : Synthesis - simulation differences may occur when using parallel_case directive("D:\prg\cal_soc\calsoc\src\picorv32.v":1117)
WARN  (EX3791) : Expression size 33 truncated to fit in target size 32("D:\prg\cal_soc\calsoc\src\picorv32.v":1240)
WARN  (EX3791) : Expression size 32 truncated to fit in target size 1("D:\prg\cal_soc\calsoc\src\picorv32.v":1245)
WARN  (EX3827) : Synthesis - simulation differences may occur when using full_case directive("D:\prg\cal_soc\calsoc\src\picorv32.v":1247)
WARN  (EX3826) : Synthesis - simulation differences may occur when using parallel_case directive("D:\prg\cal_soc\calsoc\src\picorv32.v":1247)
WARN  (EX3827) : Synthesis - simulation differences may occur when using full_case directive("D:\prg\cal_soc\calsoc\src\picorv32.v":1264)
WARN  (EX3826) : Synthesis - simulation differences may occur when using parallel_case directive("D:\prg\cal_soc\calsoc\src\picorv32.v":1264)
WARN  (EX3826) : Synthesis - simulation differences may occur when using parallel_case directive("D:\prg\cal_soc\calsoc\src\picorv32.v":1310)
WARN  (EX3791) : Expression size 32 truncated to fit in target size 5("D:\prg\cal_soc\calsoc\src\picorv32.v":1344)
WARN  (EX3791) : Expression size 32 truncated to fit in target size 5("D:\prg\cal_soc\calsoc\src\picorv32.v":1399)
WARN  (EX3826) : Synthesis - simulation differences may occur when using parallel_case directive("D:\prg\cal_soc\calsoc\src\picorv32.v":1493)
WARN  (EX3827) : Synthesis - simulation differences may occur when using full_case directive("D:\prg\cal_soc\calsoc\src\picorv32.v":1623)
WARN  (EX3826) : Synthesis - simulation differences may occur when using parallel_case directive("D:\prg\cal_soc\calsoc\src\picorv32.v":1623)
WARN  (EX3826) : Synthesis - simulation differences may occur when using parallel_case directive("D:\prg\cal_soc\calsoc\src\picorv32.v":1579)
WARN  (EX3791) : Expression size 32 truncated to fit in target size 5("D:\prg\cal_soc\calsoc\src\picorv32.v":1726)
WARN  (EX3826) : Synthesis - simulation differences may occur when using parallel_case directive("D:\prg\cal_soc\calsoc\src\picorv32.v":1731)
WARN  (EX3791) : Expression size 32 truncated to fit in target size 5("D:\prg\cal_soc\calsoc\src\picorv32.v":1756)
WARN  (EX3826) : Synthesis - simulation differences may occur when using parallel_case directive("D:\prg\cal_soc\calsoc\src\picorv32.v":1762)
WARN  (EX3827) : Synthesis - simulation differences may occur when using full_case directive("D:\prg\cal_soc\calsoc\src\picorv32.v":1832)
WARN  (EX3826) : Synthesis - simulation differences may occur when using parallel_case directive("D:\prg\cal_soc\calsoc\src\picorv32.v":1832)
WARN  (EX3791) : Expression size 32 truncated to fit in target size 5("D:\prg\cal_soc\calsoc\src\picorv32.v":1837)
WARN  (EX3827) : Synthesis - simulation differences may occur when using full_case directive("D:\prg\cal_soc\calsoc\src\picorv32.v":1840)
WARN  (EX3826) : Synthesis - simulation differences may occur when using parallel_case directive("D:\prg\cal_soc\calsoc\src\picorv32.v":1840)
WARN  (EX3791) : Expression size 32 truncated to fit in target size 5("D:\prg\cal_soc\calsoc\src\picorv32.v":1845)
WARN  (EX3827) : Synthesis - simulation differences may occur when using full_case directive("D:\prg\cal_soc\calsoc\src\picorv32.v":1855)
WARN  (EX3826) : Synthesis - simulation differences may occur when using parallel_case directive("D:\prg\cal_soc\calsoc\src\picorv32.v":1855)
WARN  (EX3827) : Synthesis - simulation differences may occur when using full_case directive("D:\prg\cal_soc\calsoc\src\picorv32.v":1880)
WARN  (EX3826) : Synthesis - simulation differences may occur when using parallel_case directive("D:\prg\cal_soc\calsoc\src\picorv32.v":1880)
WARN  (EX3827) : Synthesis - simulation differences may occur when using full_case directive("D:\prg\cal_soc\calsoc\src\picorv32.v":1897)
WARN  (EX3826) : Synthesis - simulation differences may occur when using parallel_case directive("D:\prg\cal_soc\calsoc\src\picorv32.v":1897)
Compiling module 'rxuartlite'("D:\prg\cal_soc\calsoc\src\rxuartlite.v":62)
WARN  (EX3791) : Expression size 11 truncated to fit in target size 10("D:\prg\cal_soc\calsoc\src\rxuartlite.v":105)
WARN  (EX3791) : Expression size 5 truncated to fit in target size 4("D:\prg\cal_soc\calsoc\src\rxuartlite.v":135)
Compiling module 'txuartlite'("D:\prg\cal_soc\calsoc\src\txuartlite.v":66)
Compiling module '**'("D:\Gowin\Gowin_V1.9.8\IDE\data\ipcores\GAO\GW_AO_0\gw_ao_crc32.v":0)
Compiling module '**'("D:\Gowin\Gowin_V1.9.8\IDE\data\ipcores\GAO\GW_AO_0\gw_ao_match.v":0)
Compiling module '**'("D:\Gowin\Gowin_V1.9.8\IDE\data\ipcores\GAO\GW_AO_0\gw_ao_mem_ctrl.v":0)
Extracting RAM for identifier '**'("D:\Gowin\Gowin_V1.9.8\IDE\data\ipcores\GAO\GW_AO_0\gw_ao_mem_ctrl.v":0)
Compiling module '**'("D:\Gowin\Gowin_V1.9.8\IDE\data\ipcores\GAO\GW_AO_0\gw_ao_top.v":0)
Compiling module '**'("D:\Gowin\Gowin_V1.9.8\IDE\data\ipcores\GAO\GW_AO_0\gw_ao_mem_ctrl.v":0)
Extracting RAM for identifier '**'("D:\Gowin\Gowin_V1.9.8\IDE\data\ipcores\GAO\GW_AO_0\gw_ao_mem_ctrl.v":0)
Compiling module '**'("D:\Gowin\Gowin_V1.9.8\IDE\data\ipcores\GAO\GW_AO_0\gw_ao_match.v":0)
Compiling module '**'("D:\Gowin\Gowin_V1.9.8\IDE\data\ipcores\GAO\GW_CON\gw_con_top.v":0)
Compiling module 'GW_JTAG'("D:\Gowin\Gowin_V1.9.8\IDE\data\ipcores\gw_jtag.v":1)
Compiling module 'gw_gao'("D:\prg\cal_soc\calsoc\impl\gwsynthesis\RTL_GAO\gw_gao_top.v":1)
Trying to combine GAO to RTL design
NOTE  (EX0101) : Current top module is "calsoc"
WARN  (EX0211) : The output port "wb_stall_o" of module "wb_ram(WORD_COUNT='h100)" has no driver("D:\prg\cal_soc\calsoc\src\wb_ram.v":19)
WARN  (EX0211) : The output port "wb_stall_o" of module "wb_rom(mem_init_file="../../firmware/bootloader/bootloader.hex",word_count='h200)" has no driver("D:\prg\cal_soc\calsoc\src\wb_rom.v":19)
[5%] Running netlist conversion ...
Running device independent optimization ...
[10%] Optimizing Phase 0 completed
[15%] Optimizing Phase 1 completed
[25%] Optimizing Phase 2 completed
Running inference ...
[30%] Inferring Phase 0 completed
[40%] Inferring Phase 1 completed
[50%] Inferring Phase 2 completed
[55%] Inferring Phase 3 completed
Running technical mapping ...
[60%] Tech-Mapping Phase 0 completed
[65%] Tech-Mapping Phase 1 completed
[75%] Tech-Mapping Phase 2 completed
[80%] Tech-Mapping Phase 3 completed
[90%] Tech-Mapping Phase 4 completed
[95%] Generate netlist file "D:\prg\cal_soc\calsoc\impl\gwsynthesis\calsoc.vg" completed
[100%] Generate report file "D:\prg\cal_soc\calsoc\impl\gwsynthesis\calsoc_syn.rpt.html" completed
GowinSynthesis finish
