Reading netlist file: "D:\prg\cal_soc\calsoc\impl\gwsynthesis\calsoc.vg"
Parsing netlist file "D:\prg\cal_soc\calsoc\impl\gwsynthesis\calsoc.vg" completed
Processing netlist completed
Reading constraint file: "D:\prg\cal_soc\calsoc\src\test_soc.cst"
Physical Constraint parsed completed
Running placement......
[10%] Placement Phase 0 completed
[20%] Placement Phase 1 completed
[30%] Placement Phase 2 completed
WARN  (TA1117) : Can't calculate clocks' relationship between: "gw_gao_inst_0/u_gw_jtag/tck_pad_i" and "clk"
WARN  (TA1117) : Can't calculate clocks' relationship between: "clk" and "gw_gao_inst_0/u_gw_jtag/tck_pad_i"
[50%] Placement Phase 3 completed
Running routing......
[60%] Routing Phase 0 completed
[70%] Routing Phase 1 completed
[80%] Routing Phase 2 completed
[90%] Routing Phase 3 completed
Running timing analysis......
[95%] Timing analysis completed
Placement and routing completed
Bitstream generation in progress......
Bitstream generation completed
Running power analysis......
[100%] Power analysis completed
Generate file "D:\prg\cal_soc\calsoc\impl\pnr\calsoc.power.html" completed
Generate file "D:\prg\cal_soc\calsoc\impl\pnr\calsoc.pin.html" completed
Generate file "D:\prg\cal_soc\calsoc\impl\pnr\calsoc.rpt.html" completed
Generate file "D:\prg\cal_soc\calsoc\impl\pnr\calsoc.rpt.txt" completed
Generate file "D:\prg\cal_soc\calsoc\impl\pnr\calsoc.tr.html" completed
Mon Mar 14 18:38:58 2022

